0 info it worked if it ends with ok
1 verbose cli [ '/usr/local/bin/node',
1 verbose cli   '/Users/kathryn/.npm-packages/bin/npm',
1 verbose cli   'run',
1 verbose cli   'client' ]
2 info using npm@4.1.1
3 info using node@v6.9.4
4 verbose run-script [ 'preclient', 'client', 'postclient' ]
5 info lifecycle temp@1.0.0~preclient: temp@1.0.0
6 silly lifecycle temp@1.0.0~preclient: no script for preclient, continuing
7 info lifecycle temp@1.0.0~client: temp@1.0.0
8 verbose lifecycle temp@1.0.0~client: unsafe-perm in lifecycle true
9 verbose lifecycle temp@1.0.0~client: PATH: /Users/kathryn/.npm-packages/lib/node_modules/npm/bin/node-gyp-bin:/Users/kathryn/Projects/hwk-arch-resist-KathrynBrusewitz/temp/node_modules/.bin:/Users/kathryn/.npm-packages/bin:/usr/local/bin:/usr/bin:/bin:/usr/sbin:/sbin:/Users/kathryn/Library/Android/sdk/tools:/Users/kathryn/Library/Android/sdk/platform-tools
10 verbose lifecycle temp@1.0.0~client: CWD: /Users/kathryn/Projects/hwk-arch-resist-KathrynBrusewitz/temp
11 silly lifecycle temp@1.0.0~client: Args: [ '-c', 'node build/client.js' ]
12 silly lifecycle temp@1.0.0~client: Returned: code: 1  signal: null
13 info lifecycle temp@1.0.0~client: Failed to exec client script
14 verbose stack Error: temp@1.0.0 client: `node build/client.js`
14 verbose stack Exit status 1
14 verbose stack     at EventEmitter.<anonymous> (/Users/kathryn/.npm-packages/lib/node_modules/npm/lib/utils/lifecycle.js:279:16)
14 verbose stack     at emitTwo (events.js:106:13)
14 verbose stack     at EventEmitter.emit (events.js:191:7)
14 verbose stack     at ChildProcess.<anonymous> (/Users/kathryn/.npm-packages/lib/node_modules/npm/lib/utils/spawn.js:40:14)
14 verbose stack     at emitTwo (events.js:106:13)
14 verbose stack     at ChildProcess.emit (events.js:191:7)
14 verbose stack     at maybeClose (internal/child_process.js:877:16)
14 verbose stack     at Process.ChildProcess._handle.onexit (internal/child_process.js:226:5)
15 verbose pkgid temp@1.0.0
16 verbose cwd /Users/kathryn/Projects/hwk-arch-resist-KathrynBrusewitz/temp/build
17 error Darwin 15.4.0
18 error argv "/usr/local/bin/node" "/Users/kathryn/.npm-packages/bin/npm" "run" "client"
19 error node v6.9.4
20 error npm  v4.1.1
21 error code ELIFECYCLE
22 error temp@1.0.0 client: `node build/client.js`
22 error Exit status 1
23 error Failed at the temp@1.0.0 client script 'node build/client.js'.
23 error Make sure you have the latest version of node.js and npm installed.
23 error If you do, this is most likely a problem with the temp package,
23 error not with npm itself.
23 error Tell the author that this fails on your system:
23 error     node build/client.js
23 error You can get information on how to open an issue for this project with:
23 error     npm bugs temp
23 error Or if that isn't available, you can get their info via:
23 error     npm owner ls temp
23 error There is likely additional logging output above.
24 verbose exit [ 1, true ]
